[2m2019-09-02 22:24:28.708[0;39m [32m INFO[0;39m [33m[springAppName_IS_UNDEFINED,,,,][0;39m [35m8508[0;39m [2m---[0;39m [2m[           main][0;39m [36mh.f.qiniu.HcloudFilesQiniuApplication   [0;39m [2m:[0;39m Starting HcloudFilesQiniuApplication on DESKTOP-HP2E062 with PID 8508 (D:\workSpace_one\hcloud-files-qiniu\target\classes started by win10 in D:\workSpace_one\hcloud-files-qiniu)
[2m2019-09-02 22:24:28.759[0;39m [32m INFO[0;39m [33m[springAppName_IS_UNDEFINED,,,,][0;39m [35m8508[0;39m [2m---[0;39m [2m[           main][0;39m [36mh.f.qiniu.HcloudFilesQiniuApplication   [0;39m [2m:[0;39m The following profiles are active: dev
[2m2019-09-02 22:24:30.578[0;39m [32m INFO[0;39m [33m[springAppName_IS_UNDEFINED,,,,][0;39m [35m8508[0;39m [2m---[0;39m [2m[           main][0;39m [36mo.s.b.w.embedded.tomcat.TomcatWebServer [0;39m [2m:[0;39m Tomcat initialized with port(s): 8680 (http)
[2m2019-09-02 22:24:30.617[0;39m [32m INFO[0;39m [33m[springAppName_IS_UNDEFINED,,,,][0;39m [35m8508[0;39m [2m---[0;39m [2m[           main][0;39m [36mo.apache.catalina.core.StandardService  [0;39m [2m:[0;39m Starting service [Tomcat]
[2m2019-09-02 22:24:30.617[0;39m [32m INFO[0;39m [33m[springAppName_IS_UNDEFINED,,,,][0;39m [35m8508[0;39m [2m---[0;39m [2m[           main][0;39m [36morg.apache.catalina.core.StandardEngine [0;39m [2m:[0;39m Starting Servlet engine: [Apache Tomcat/9.0.22]
[2m2019-09-02 22:24:30.765[0;39m [32m INFO[0;39m [33m[springAppName_IS_UNDEFINED,,,,][0;39m [35m8508[0;39m [2m---[0;39m [2m[           main][0;39m [36mo.a.c.c.C.[Tomcat].[localhost].[/]      [0;39m [2m:[0;39m Initializing Spring embedded WebApplicationContext
[2m2019-09-02 22:24:30.765[0;39m [32m INFO[0;39m [33m[springAppName_IS_UNDEFINED,,,,][0;39m [35m8508[0;39m [2m---[0;39m [2m[           main][0;39m [36mo.s.web.context.ContextLoader           [0;39m [2m:[0;39m Root WebApplicationContext: initialization completed in 1851 ms
[2m2019-09-02 22:24:31.224[0;39m [32m INFO[0;39m [33m[springAppName_IS_UNDEFINED,,,,][0;39m [35m8508[0;39m [2m---[0;39m [2m[           main][0;39m [36mo.s.s.concurrent.ThreadPoolTaskExecutor [0;39m [2m:[0;39m Initializing ExecutorService 'applicationTaskExecutor'
[2m2019-09-02 22:24:31.773[0;39m [32m INFO[0;39m [33m[springAppName_IS_UNDEFINED,,,,][0;39m [35m8508[0;39m [2m---[0;39m [2m[           main][0;39m [36mo.s.b.w.embedded.tomcat.TomcatWebServer [0;39m [2m:[0;39m Tomcat started on port(s): 8680 (http) with context path ''
[2m2019-09-02 22:24:31.778[0;39m [32m INFO[0;39m [33m[springAppName_IS_UNDEFINED,,,,][0;39m [35m8508[0;39m [2m---[0;39m [2m[           main][0;39m [36mh.f.qiniu.HcloudFilesQiniuApplication   [0;39m [2m:[0;39m Started HcloudFilesQiniuApplication in 3.967 seconds (JVM running for 9.203)
[2m2019-09-02 22:24:50.248[0;39m [32m INFO[0;39m [33m[springAppName_IS_UNDEFINED,,,,][0;39m [35m8508[0;39m [2m---[0;39m [2m[nio-8680-exec-1][0;39m [36mo.a.c.c.C.[Tomcat].[localhost].[/]      [0;39m [2m:[0;39m Initializing Spring DispatcherServlet 'dispatcherServlet'
[2m2019-09-02 22:24:50.248[0;39m [32m INFO[0;39m [33m[springAppName_IS_UNDEFINED,,,,][0;39m [35m8508[0;39m [2m---[0;39m [2m[nio-8680-exec-1][0;39m [36mo.s.web.servlet.DispatcherServlet       [0;39m [2m:[0;39m Initializing Servlet 'dispatcherServlet'
[2m2019-09-02 22:24:50.257[0;39m [32m INFO[0;39m [33m[springAppName_IS_UNDEFINED,,,,][0;39m [35m8508[0;39m [2m---[0;39m [2m[nio-8680-exec-1][0;39m [36mo.s.web.servlet.DispatcherServlet       [0;39m [2m:[0;39m Completed initialization in 9 ms
[2m2019-09-02 22:28:45.732[0;39m [32m INFO[0;39m [33m[springAppName_IS_UNDEFINED,,,,][0;39m [35m15852[0;39m [2m---[0;39m [2m[           main][0;39m [36mh.f.qiniu.HcloudFilesQiniuApplication   [0;39m [2m:[0;39m Starting HcloudFilesQiniuApplication on DESKTOP-HP2E062 with PID 15852 (D:\workSpace_one\hcloud-files-qiniu\target\classes started by win10 in D:\workSpace_one\hcloud-files-qiniu)
[2m2019-09-02 22:28:45.738[0;39m [32m INFO[0;39m [33m[springAppName_IS_UNDEFINED,,,,][0;39m [35m15852[0;39m [2m---[0;39m [2m[           main][0;39m [36mh.f.qiniu.HcloudFilesQiniuApplication   [0;39m [2m:[0;39m The following profiles are active: dev
[2m2019-09-02 22:28:47.345[0;39m [32m INFO[0;39m [33m[springAppName_IS_UNDEFINED,,,,][0;39m [35m15852[0;39m [2m---[0;39m [2m[           main][0;39m [36mo.s.b.w.embedded.tomcat.TomcatWebServer [0;39m [2m:[0;39m Tomcat initialized with port(s): 8683 (http)
[2m2019-09-02 22:28:47.393[0;39m [32m INFO[0;39m [33m[springAppName_IS_UNDEFINED,,,,][0;39m [35m15852[0;39m [2m---[0;39m [2m[           main][0;39m [36mo.apache.catalina.core.StandardService  [0;39m [2m:[0;39m Starting service [Tomcat]
[2m2019-09-02 22:28:47.394[0;39m [32m INFO[0;39m [33m[springAppName_IS_UNDEFINED,,,,][0;39m [35m15852[0;39m [2m---[0;39m [2m[           main][0;39m [36morg.apache.catalina.core.StandardEngine [0;39m [2m:[0;39m Starting Servlet engine: [Apache Tomcat/9.0.22]
[2m2019-09-02 22:28:47.572[0;39m [32m INFO[0;39m [33m[springAppName_IS_UNDEFINED,,,,][0;39m [35m15852[0;39m [2m---[0;39m [2m[           main][0;39m [36mo.a.c.c.C.[Tomcat].[localhost].[/files] [0;39m [2m:[0;39m Initializing Spring embedded WebApplicationContext
[2m2019-09-02 22:28:47.573[0;39m [32m INFO[0;39m [33m[springAppName_IS_UNDEFINED,,,,][0;39m [35m15852[0;39m [2m---[0;39m [2m[           main][0;39m [36mo.s.web.context.ContextLoader           [0;39m [2m:[0;39m Root WebApplicationContext: initialization completed in 1760 ms
[2m2019-09-02 22:28:47.931[0;39m [32m INFO[0;39m [33m[springAppName_IS_UNDEFINED,,,,][0;39m [35m15852[0;39m [2m---[0;39m [2m[           main][0;39m [36mo.s.s.concurrent.ThreadPoolTaskExecutor [0;39m [2m:[0;39m Initializing ExecutorService 'applicationTaskExecutor'
[2m2019-09-02 22:28:48.424[0;39m [32m INFO[0;39m [33m[springAppName_IS_UNDEFINED,,,,][0;39m [35m15852[0;39m [2m---[0;39m [2m[           main][0;39m [36mo.s.b.w.embedded.tomcat.TomcatWebServer [0;39m [2m:[0;39m Tomcat started on port(s): 8683 (http) with context path '/files'
[2m2019-09-02 22:28:48.429[0;39m [32m INFO[0;39m [33m[springAppName_IS_UNDEFINED,,,,][0;39m [35m15852[0;39m [2m---[0;39m [2m[           main][0;39m [36mh.f.qiniu.HcloudFilesQiniuApplication   [0;39m [2m:[0;39m Started HcloudFilesQiniuApplication in 4.024 seconds (JVM running for 5.884)
[2m2019-09-02 22:29:05.079[0;39m [32m INFO[0;39m [33m[springAppName_IS_UNDEFINED,,,,][0;39m [35m15852[0;39m [2m---[0;39m [2m[nio-8683-exec-2][0;39m [36mo.a.c.c.C.[Tomcat].[localhost].[/files] [0;39m [2m:[0;39m Initializing Spring DispatcherServlet 'dispatcherServlet'
[2m2019-09-02 22:29:05.079[0;39m [32m INFO[0;39m [33m[springAppName_IS_UNDEFINED,,,,][0;39m [35m15852[0;39m [2m---[0;39m [2m[nio-8683-exec-2][0;39m [36mo.s.web.servlet.DispatcherServlet       [0;39m [2m:[0;39m Initializing Servlet 'dispatcherServlet'
[2m2019-09-02 22:29:05.089[0;39m [32m INFO[0;39m [33m[springAppName_IS_UNDEFINED,,,,][0;39m [35m15852[0;39m [2m---[0;39m [2m[nio-8683-exec-2][0;39m [36mo.s.web.servlet.DispatcherServlet       [0;39m [2m:[0;39m Completed initialization in 9 ms
